[INFO] [2017-06-0422:41:03][org.eclipse.jetty.util.log]Logging initialized @772ms to org.eclipse.jetty.util.log.Slf4jLog
[INFO] [2017-06-0422:41:03][org.eclipse.jetty.server.Server]jetty-9.4.2.v20170220
[WARN] [2017-06-0422:41:03][org.eclipse.jetty.webapp.WebInfConfiguration]Can't generate resourceBase as part of webapp tmp dir name: java.lang.IllegalStateException: No resourceBase or war set for context
[WARN] [2017-06-0422:41:03][org.eclipse.jetty.webapp.WebAppContext]Failed startup of context o.e.j.w.WebAppContext@6d78f375{/,null,null}
java.lang.IllegalStateException: No resourceBase or war set for context
	at org.eclipse.jetty.webapp.WebInfConfiguration.unpack(WebInfConfiguration.java:406)
	at org.eclipse.jetty.webapp.WebInfConfiguration.preConfigure(WebInfConfiguration.java:72)
	at org.eclipse.jetty.webapp.WebAppContext.preConfigure(WebAppContext.java:501)
	at org.eclipse.jetty.webapp.WebAppContext.doStart(WebAppContext.java:539)
	at org.eclipse.jetty.util.component.AbstractLifeCycle.start(AbstractLifeCycle.java:68)
	at org.eclipse.jetty.util.component.ContainerLifeCycle.start(ContainerLifeCycle.java:131)
	at org.eclipse.jetty.server.Server.start(Server.java:452)
	at org.eclipse.jetty.util.component.ContainerLifeCycle.doStart(ContainerLifeCycle.java:105)
	at org.eclipse.jetty.server.handler.AbstractHandler.doStart(AbstractHandler.java:113)
	at org.eclipse.jetty.server.Server.doStart(Server.java:419)
	at org.eclipse.jetty.util.component.AbstractLifeCycle.start(AbstractLifeCycle.java:68)
	at ssm.StartJetty.main(StartJetty.java:33)
[INFO] [2017-06-0422:41:03][org.eclipse.jetty.server.AbstractConnector]Started ServerConnector@4c70fda8{HTTP/1.1,[http/1.1]}{0.0.0.0:8080}
[INFO] [2017-06-0422:41:03][org.eclipse.jetty.server.Server]Started @1556ms
[INFO] [2017-06-0422:43:46][org.eclipse.jetty.util.log]Logging initialized @744ms to org.eclipse.jetty.util.log.Slf4jLog
[INFO] [2017-06-0422:43:46][org.eclipse.jetty.server.Server]jetty-9.4.2.v20170220
[WARN] [2017-06-0422:43:46][org.eclipse.jetty.webapp.WebInfConfiguration]Can't generate resourceBase as part of webapp tmp dir name: java.lang.IllegalStateException: No resourceBase or war set for context
[WARN] [2017-06-0422:43:47][org.eclipse.jetty.webapp.WebAppContext]Failed startup of context o.e.j.w.WebAppContext@6d78f375{/,null,null}
java.lang.IllegalStateException: No resourceBase or war set for context
	at org.eclipse.jetty.webapp.WebInfConfiguration.unpack(WebInfConfiguration.java:406)
	at org.eclipse.jetty.webapp.WebInfConfiguration.preConfigure(WebInfConfiguration.java:72)
	at org.eclipse.jetty.webapp.WebAppContext.preConfigure(WebAppContext.java:501)
	at org.eclipse.jetty.webapp.WebAppContext.doStart(WebAppContext.java:539)
	at org.eclipse.jetty.util.component.AbstractLifeCycle.start(AbstractLifeCycle.java:68)
	at org.eclipse.jetty.util.component.ContainerLifeCycle.start(ContainerLifeCycle.java:131)
	at org.eclipse.jetty.server.Server.start(Server.java:452)
	at org.eclipse.jetty.util.component.ContainerLifeCycle.doStart(ContainerLifeCycle.java:105)
	at org.eclipse.jetty.server.handler.AbstractHandler.doStart(AbstractHandler.java:113)
	at org.eclipse.jetty.server.Server.doStart(Server.java:419)
	at org.eclipse.jetty.util.component.AbstractLifeCycle.start(AbstractLifeCycle.java:68)
	at ssm.StartJetty.main(StartJetty.java:33)
[INFO] [2017-06-0422:43:47][org.eclipse.jetty.server.AbstractConnector]Started ServerConnector@1be50e75{HTTP/1.1,[http/1.1]}{0.0.0.0:8080}
[INFO] [2017-06-0422:43:47][org.eclipse.jetty.server.Server]Started @1511ms
[INFO] [2017-06-0422:44:05][org.eclipse.jetty.util.log]Logging initialized @617ms to org.eclipse.jetty.util.log.Slf4jLog
[INFO] [2017-06-0422:44:05][org.eclipse.jetty.server.Server]jetty-9.4.2.v20170220
[WARN] [2017-06-0422:44:05][org.eclipse.jetty.webapp.WebInfConfiguration]Can't generate resourceBase as part of webapp tmp dir name: java.lang.IllegalStateException: No resourceBase or war set for context
[WARN] [2017-06-0422:44:05][org.eclipse.jetty.webapp.WebAppContext]Failed startup of context o.e.j.w.WebAppContext@6d78f375{/,null,null}
java.lang.IllegalStateException: No resourceBase or war set for context
	at org.eclipse.jetty.webapp.WebInfConfiguration.unpack(WebInfConfiguration.java:406)
	at org.eclipse.jetty.webapp.WebInfConfiguration.preConfigure(WebInfConfiguration.java:72)
	at org.eclipse.jetty.webapp.WebAppContext.preConfigure(WebAppContext.java:501)
	at org.eclipse.jetty.webapp.WebAppContext.doStart(WebAppContext.java:539)
	at org.eclipse.jetty.util.component.AbstractLifeCycle.start(AbstractLifeCycle.java:68)
	at org.eclipse.jetty.util.component.ContainerLifeCycle.start(ContainerLifeCycle.java:131)
	at org.eclipse.jetty.server.Server.start(Server.java:452)
	at org.eclipse.jetty.util.component.ContainerLifeCycle.doStart(ContainerLifeCycle.java:105)
	at org.eclipse.jetty.server.handler.AbstractHandler.doStart(AbstractHandler.java:113)
	at org.eclipse.jetty.server.Server.doStart(Server.java:419)
	at org.eclipse.jetty.util.component.AbstractLifeCycle.start(AbstractLifeCycle.java:68)
	at ssm.StartJetty.main(StartJetty.java:33)
[INFO] [2017-06-0422:44:05][org.eclipse.jetty.server.AbstractConnector]Started ServerConnector@767cbde2{HTTP/1.1,[http/1.1]}{0.0.0.0:8080}
[INFO] [2017-06-0422:44:05][org.eclipse.jetty.server.Server]Started @1359ms
[INFO] [2017-06-0422:44:11][org.eclipse.jetty.util.log]Logging initialized @1662ms to org.eclipse.jetty.util.log.Slf4jLog
[INFO] [2017-06-0422:45:08][org.eclipse.jetty.server.Server]jetty-9.4.2.v20170220
[WARN] [2017-06-0422:45:09][org.eclipse.jetty.webapp.WebInfConfiguration]Can't generate resourceBase as part of webapp tmp dir name: java.lang.IllegalStateException: No resourceBase or war set for context
[INFO] [2017-06-0422:48:36][org.eclipse.jetty.util.log]Logging initialized @776ms to org.eclipse.jetty.util.log.Slf4jLog
[INFO] [2017-06-0422:48:36][org.eclipse.jetty.server.Server]jetty-9.4.2.v20170220
[WARN] [2017-06-0422:48:36][org.eclipse.jetty.webapp.WebInfConfiguration]Can't generate resourceBase as part of webapp tmp dir name: java.lang.IllegalStateException: No resourceBase or war set for context
[WARN] [2017-06-0422:48:36][org.eclipse.jetty.webapp.WebAppContext]Failed startup of context o.e.j.w.WebAppContext@6d78f375{/,null,null}
java.lang.IllegalStateException: No resourceBase or war set for context
	at org.eclipse.jetty.webapp.WebInfConfiguration.unpack(WebInfConfiguration.java:406)
	at org.eclipse.jetty.webapp.WebInfConfiguration.preConfigure(WebInfConfiguration.java:72)
	at org.eclipse.jetty.webapp.WebAppContext.preConfigure(WebAppContext.java:501)
	at org.eclipse.jetty.webapp.WebAppContext.doStart(WebAppContext.java:539)
	at org.eclipse.jetty.util.component.AbstractLifeCycle.start(AbstractLifeCycle.java:68)
	at org.eclipse.jetty.util.component.ContainerLifeCycle.start(ContainerLifeCycle.java:131)
	at org.eclipse.jetty.server.Server.start(Server.java:452)
	at org.eclipse.jetty.util.component.ContainerLifeCycle.doStart(ContainerLifeCycle.java:105)
	at org.eclipse.jetty.server.handler.AbstractHandler.doStart(AbstractHandler.java:113)
	at org.eclipse.jetty.server.Server.doStart(Server.java:419)
	at org.eclipse.jetty.util.component.AbstractLifeCycle.start(AbstractLifeCycle.java:68)
	at ssm.StartJetty.main(StartJetty.java:33)
[INFO] [2017-06-0422:48:37][org.eclipse.jetty.server.AbstractConnector]Started ServerConnector@4c70fda8{HTTP/1.1,[http/1.1]}{0.0.0.0:8080}
[INFO] [2017-06-0422:48:37][org.eclipse.jetty.server.Server]Started @1574ms
[INFO] [2017-06-0422:49:43][org.eclipse.jetty.util.log]Logging initialized @617ms to org.eclipse.jetty.util.log.Slf4jLog
[INFO] [2017-06-0422:49:44][org.eclipse.jetty.server.Server]jetty-9.4.2.v20170220
[WARN] [2017-06-0422:49:44][org.eclipse.jetty.webapp.WebInfConfiguration]Can't generate resourceBase as part of webapp tmp dir name: java.lang.IllegalStateException: No resourceBase or war set for context
[WARN] [2017-06-0422:49:44][org.eclipse.jetty.webapp.WebAppContext]Failed startup of context o.e.j.w.WebAppContext@6d78f375{/,null,null}
java.lang.IllegalStateException: No resourceBase or war set for context
	at org.eclipse.jetty.webapp.WebInfConfiguration.unpack(WebInfConfiguration.java:406)
	at org.eclipse.jetty.webapp.WebInfConfiguration.preConfigure(WebInfConfiguration.java:72)
	at org.eclipse.jetty.webapp.WebAppContext.preConfigure(WebAppContext.java:501)
	at org.eclipse.jetty.webapp.WebAppContext.doStart(WebAppContext.java:539)
	at org.eclipse.jetty.util.component.AbstractLifeCycle.start(AbstractLifeCycle.java:68)
	at org.eclipse.jetty.util.component.ContainerLifeCycle.start(ContainerLifeCycle.java:131)
	at org.eclipse.jetty.server.Server.start(Server.java:452)
	at org.eclipse.jetty.util.component.ContainerLifeCycle.doStart(ContainerLifeCycle.java:105)
	at org.eclipse.jetty.server.handler.AbstractHandler.doStart(AbstractHandler.java:113)
	at org.eclipse.jetty.server.Server.doStart(Server.java:419)
	at org.eclipse.jetty.util.component.AbstractLifeCycle.start(AbstractLifeCycle.java:68)
	at ssm.StartJetty.main(StartJetty.java:33)
[INFO] [2017-06-0422:49:44][org.eclipse.jetty.server.AbstractConnector]Started ServerConnector@50506fd9{HTTP/1.1,[http/1.1]}{0.0.0.0:8080}
[INFO] [2017-06-0422:49:44][org.eclipse.jetty.server.Server]Started @1393ms
[INFO] [2017-06-0422:52:07][org.eclipse.jetty.util.log]Logging initialized @707ms to org.eclipse.jetty.util.log.Slf4jLog
[INFO] [2017-06-0422:52:08][org.eclipse.jetty.server.Server]jetty-9.4.2.v20170220
[INFO] [2017-06-0422:52:08][org.eclipse.jetty.server.session]DefaultSessionIdManager workerName=node0
[INFO] [2017-06-0422:52:08][org.eclipse.jetty.server.session]No SessionScavenger set, using defaults
[INFO] [2017-06-0422:52:08][org.eclipse.jetty.server.session]Scavenging every 600000ms
[INFO] [2017-06-0422:52:08][org.eclipse.jetty.ContextHandler.7f9a81e8]Initializing Spring root WebApplicationContext
[INFO] [2017-06-0422:52:08][org.springframework.web.context.ContextLoader]Root WebApplicationContext: initialization started
[INFO] [2017-06-0422:52:09][org.springframework.web.context.support.XmlWebApplicationContext]Refreshing Root WebApplicationContext: startup date [Sun Jun 04 22:52:09 CST 2017]; root of context hierarchy
[INFO] [2017-06-0422:52:09][org.springframework.beans.factory.xml.XmlBeanDefinitionReader]Loading XML bean definitions from class path resource [context.xml]
[WARN] [2017-06-0422:52:16][org.mybatis.spring.mapper.ClassPathMapperScanner]No MyBatis mapper was found in '[cmsSystem.dao]' package. Please check your configuration.
[INFO] [2017-06-0422:52:16][org.springframework.beans.factory.config.PropertyPlaceholderConfigurer]Loading properties file from class path resource [jdbc.properties]
[INFO] [2017-06-0422:52:16][org.springframework.beans.factory.annotation.AutowiredAnnotationBeanPostProcessor]JSR-330 'javax.inject.Inject' annotation found and supported for autowiring
[INFO] [2017-06-0422:52:16][org.springframework.context.support.PostProcessorRegistrationDelegate$BeanPostProcessorChecker]Bean 'org.springframework.aop.support.DefaultBeanFactoryPointcutAdvisor#0' of type [class org.springframework.aop.support.DefaultBeanFactoryPointcutAdvisor] is not eligible for getting processed by all BeanPostProcessors (for example: not eligible for auto-proxying)
[INFO] [2017-06-0422:52:16][org.springframework.context.support.PostProcessorRegistrationDelegate$BeanPostProcessorChecker]Bean 'ShiroRealm' of type [class ssm.common.MyShiroRealm] is not eligible for getting processed by all BeanPostProcessors (for example: not eligible for auto-proxying)
[INFO] [2017-06-0422:52:16][org.springframework.context.support.PostProcessorRegistrationDelegate$BeanPostProcessorChecker]Bean 'securityManager' of type [class org.apache.shiro.web.mgt.DefaultWebSecurityManager] is not eligible for getting processed by all BeanPostProcessors (for example: not eligible for auto-proxying)
[INFO] [2017-06-0422:52:17][org.springframework.jdbc.datasource.DriverManagerDataSource]Loaded JDBC driver: com.mysql.jdbc.Driver
[INFO] [2017-06-0422:52:17][org.springframework.web.context.ContextLoader]Root WebApplicationContext: initialization completed in 8948 ms
[INFO] [2017-06-0422:52:17][org.eclipse.jetty.ContextHandler.7f9a81e8]Initializing Spring FrameworkServlet 'mvc'
[INFO] [2017-06-0422:52:17][org.springframework.web.servlet.DispatcherServlet]FrameworkServlet 'mvc': initialization started
[INFO] [2017-06-0422:52:17][org.springframework.web.context.support.XmlWebApplicationContext]Refreshing WebApplicationContext for namespace 'mvc-servlet': startup date [Sun Jun 04 22:52:17 CST 2017]; parent: Root WebApplicationContext
[INFO] [2017-06-0422:52:17][org.springframework.beans.factory.xml.XmlBeanDefinitionReader]Loading XML bean definitions from class path resource [spring-mvc.xml]
[INFO] [2017-06-0422:52:18][org.springframework.beans.factory.annotation.AutowiredAnnotationBeanPostProcessor]JSR-330 'javax.inject.Inject' annotation found and supported for autowiring
[INFO] [2017-06-0422:52:18][org.springframework.web.servlet.mvc.method.annotation.RequestMappingHandlerMapping]Mapped "{[/login],methods=[],params=[],headers=[],consumes=[],produces=[],custom=[]}" onto public org.springframework.web.servlet.ModelAndView ssm.ctrl.login.LoginCtrl.login()
[INFO] [2017-06-0422:52:18][org.springframework.web.servlet.mvc.method.annotation.RequestMappingHandlerMapping]Mapped "{[/toLogin],methods=[POST],params=[],headers=[],consumes=[],produces=[],custom=[]}" onto public java.util.Map<java.lang.String, java.lang.Object> ssm.ctrl.login.LoginCtrl.toLogin()
[INFO] [2017-06-0422:52:18][org.springframework.web.servlet.mvc.method.annotation.RequestMappingHandlerMapping]Mapped "{[/toIndex],methods=[],params=[],headers=[],consumes=[],produces=[],custom=[]}" onto public org.springframework.web.servlet.ModelAndView ssm.ctrl.login.LoginCtrl.toIndex()
[INFO] [2017-06-0422:52:18][org.springframework.web.servlet.mvc.method.annotation.RequestMappingHandlerMapping]Mapped "{[/loginOut.do],methods=[],params=[],headers=[],consumes=[],produces=[],custom=[]}" onto public java.lang.String ssm.ctrl.login.LoginCtrl.loginOut()
[INFO] [2017-06-0422:52:18][org.springframework.web.servlet.mvc.method.annotation.RequestMappingHandlerMapping]Mapped "{[/system/userManage/toUserManage],methods=[],params=[],headers=[],consumes=[],produces=[],custom=[]}" onto public org.springframework.web.servlet.ModelAndView ssm.ctrl.system.userManage.UserManageCtrl.toUserManage(ssm.utils.Page) throws java.lang.Exception
[INFO] [2017-06-0422:52:18][org.springframework.web.servlet.handler.SimpleUrlHandlerMapping]Mapped URL path [/static/**] onto handler 'org.springframework.web.servlet.resource.ResourceHttpRequestHandler#0'
[INFO] [2017-06-0422:52:19][org.springframework.web.servlet.DispatcherServlet]FrameworkServlet 'mvc': initialization completed in 1199 ms
[INFO] [2017-06-0422:52:19][org.eclipse.jetty.server.handler.ContextHandler]Started o.e.j.w.WebAppContext@7f9a81e8{/,file:///D:/IdeaProjects/gdx_ssm/target/classes/static/,AVAILABLE}
[INFO] [2017-06-0422:52:19][org.eclipse.jetty.server.AbstractConnector]Started ServerConnector@6f70f32f{HTTP/1.1,[http/1.1]}{0.0.0.0:8080}
[INFO] [2017-06-0422:52:19][org.eclipse.jetty.server.Server]Started @11925ms
[WARN] [2017-06-0422:52:23][org.eclipse.jetty.server.HttpChannel]/login
javax.servlet.ServletException: Could not resolve view with name '/login.html' in servlet with name 'mvc'
	at org.springframework.web.servlet.DispatcherServlet.render(DispatcherServlet.java:1208)
	at org.springframework.web.servlet.DispatcherServlet.processDispatchResult(DispatcherServlet.java:1012)
	at org.springframework.web.servlet.DispatcherServlet.doDispatch(DispatcherServlet.java:959)
	at org.springframework.web.servlet.DispatcherServlet.doService(DispatcherServlet.java:876)
	at org.springframework.web.servlet.FrameworkServlet.processRequest(FrameworkServlet.java:961)
	at org.springframework.web.servlet.FrameworkServlet.doGet(FrameworkServlet.java:852)
	at javax.servlet.http.HttpServlet.service(HttpServlet.java:687)
	at org.springframework.web.servlet.FrameworkServlet.service(FrameworkServlet.java:837)
	at javax.servlet.http.HttpServlet.service(HttpServlet.java:790)
	at org.eclipse.jetty.servlet.ServletHolder.handle(ServletHolder.java:841)
	at org.eclipse.jetty.servlet.ServletHandler$CachedChain.doFilter(ServletHandler.java:1634)
	at org.apache.shiro.web.servlet.ProxiedFilterChain.doFilter(ProxiedFilterChain.java:61)
	at org.apache.shiro.web.servlet.AdviceFilter.executeChain(AdviceFilter.java:108)
	at org.apache.shiro.web.servlet.AdviceFilter.doFilterInternal(AdviceFilter.java:137)
	at org.apache.shiro.web.servlet.OncePerRequestFilter.doFilter(OncePerRequestFilter.java:125)
	at org.apache.shiro.web.servlet.ProxiedFilterChain.doFilter(ProxiedFilterChain.java:66)
	at org.apache.shiro.web.servlet.AbstractShiroFilter.executeChain(AbstractShiroFilter.java:449)
	at org.apache.shiro.web.servlet.AbstractShiroFilter$1.call(AbstractShiroFilter.java:365)
	at org.apache.shiro.subject.support.SubjectCallable.doCall(SubjectCallable.java:90)
	at org.apache.shiro.subject.support.SubjectCallable.call(SubjectCallable.java:83)
	at org.apache.shiro.subject.support.DelegatingSubject.execute(DelegatingSubject.java:383)
	at org.apache.shiro.web.servlet.AbstractShiroFilter.doFilterInternal(AbstractShiroFilter.java:362)
	at org.apache.shiro.web.servlet.OncePerRequestFilter.doFilter(OncePerRequestFilter.java:125)
	at org.springframework.web.filter.DelegatingFilterProxy.invokeDelegate(DelegatingFilterProxy.java:344)
	at org.springframework.web.filter.DelegatingFilterProxy.doFilter(DelegatingFilterProxy.java:261)
	at org.eclipse.jetty.servlet.ServletHandler$CachedChain.doFilter(ServletHandler.java:1621)
	at org.springframework.web.filter.CharacterEncodingFilter.doFilterInternal(CharacterEncodingFilter.java:88)
	at org.springframework.web.filter.OncePerRequestFilter.doFilter(OncePerRequestFilter.java:108)
	at org.eclipse.jetty.servlet.ServletHandler$CachedChain.doFilter(ServletHandler.java:1613)
	at org.eclipse.jetty.servlet.ServletHandler.doHandle(ServletHandler.java:541)
	at org.eclipse.jetty.server.handler.ScopedHandler.handle(ScopedHandler.java:143)
	at org.eclipse.jetty.security.SecurityHandler.handle(SecurityHandler.java:548)
	at org.eclipse.jetty.server.handler.HandlerWrapper.handle(HandlerWrapper.java:132)
	at org.eclipse.jetty.server.handler.ScopedHandler.nextHandle(ScopedHandler.java:190)
	at org.eclipse.jetty.server.session.SessionHandler.doHandle(SessionHandler.java:1592)
	at org.eclipse.jetty.server.handler.ScopedHandler.nextHandle(ScopedHandler.java:188)
	at org.eclipse.jetty.server.handler.ContextHandler.doHandle(ContextHandler.java:1239)
	at org.eclipse.jetty.server.handler.ScopedHandler.nextScope(ScopedHandler.java:168)
	at org.eclipse.jetty.servlet.ServletHandler.doScope(ServletHandler.java:481)
	at org.eclipse.jetty.server.session.SessionHandler.doScope(SessionHandler.java:1561)
	at org.eclipse.jetty.server.handler.ScopedHandler.nextScope(ScopedHandler.java:166)
	at org.eclipse.jetty.server.handler.ContextHandler.doScope(ContextHandler.java:1141)
	at org.eclipse.jetty.server.handler.ScopedHandler.handle(ScopedHandler.java:141)
	at org.eclipse.jetty.server.handler.HandlerWrapper.handle(HandlerWrapper.java:132)
	at org.eclipse.jetty.server.Server.handle(Server.java:564)
	at org.eclipse.jetty.server.HttpChannel.handle(HttpChannel.java:320)
	at org.eclipse.jetty.server.HttpConnection.onFillable(HttpConnection.java:251)
	at org.eclipse.jetty.io.AbstractConnection$ReadCallback.succeeded(AbstractConnection.java:279)
	at org.eclipse.jetty.io.FillInterest.fillable(FillInterest.java:110)
	at org.eclipse.jetty.io.ChannelEndPoint$2.run(ChannelEndPoint.java:124)
	at org.eclipse.jetty.util.thread.Invocable.invokePreferred(Invocable.java:122)
	at org.eclipse.jetty.util.thread.strategy.ExecutingExecutionStrategy.invoke(ExecutingExecutionStrategy.java:58)
	at org.eclipse.jetty.util.thread.strategy.ExecuteProduceConsume.produceConsume(ExecuteProduceConsume.java:201)
	at org.eclipse.jetty.util.thread.strategy.ExecuteProduceConsume.run(ExecuteProduceConsume.java:133)
	at org.eclipse.jetty.util.thread.QueuedThreadPool.runJob(QueuedThreadPool.java:672)
	at org.eclipse.jetty.util.thread.QueuedThreadPool$2.run(QueuedThreadPool.java:590)
	at java.lang.Thread.run(Thread.java:745)
[INFO] [2017-06-0422:53:54][org.eclipse.jetty.util.log]Logging initialized @669ms to org.eclipse.jetty.util.log.Slf4jLog
[INFO] [2017-06-0422:53:54][org.eclipse.jetty.server.Server]jetty-9.4.2.v20170220
[INFO] [2017-06-0422:53:55][org.eclipse.jetty.server.session]DefaultSessionIdManager workerName=node0
[INFO] [2017-06-0422:53:55][org.eclipse.jetty.server.session]No SessionScavenger set, using defaults
[INFO] [2017-06-0422:53:55][org.eclipse.jetty.server.session]Scavenging every 660000ms
[INFO] [2017-06-0422:53:55][org.eclipse.jetty.ContextHandler.7f9a81e8]Initializing Spring root WebApplicationContext
[INFO] [2017-06-0422:53:55][org.springframework.web.context.ContextLoader]Root WebApplicationContext: initialization started
[INFO] [2017-06-0422:53:55][org.springframework.web.context.support.XmlWebApplicationContext]Refreshing Root WebApplicationContext: startup date [Sun Jun 04 22:53:55 CST 2017]; root of context hierarchy
[INFO] [2017-06-0422:53:55][org.springframework.beans.factory.xml.XmlBeanDefinitionReader]Loading XML bean definitions from class path resource [context.xml]
[INFO] [2017-06-0422:56:49][org.eclipse.jetty.util.log]Logging initialized @638ms to org.eclipse.jetty.util.log.Slf4jLog
[INFO] [2017-06-0422:56:50][org.eclipse.jetty.server.Server]jetty-9.4.2.v20170220
[INFO] [2017-06-0422:56:50][org.eclipse.jetty.server.session]DefaultSessionIdManager workerName=node0
[INFO] [2017-06-0422:56:50][org.eclipse.jetty.server.session]No SessionScavenger set, using defaults
[INFO] [2017-06-0422:56:50][org.eclipse.jetty.server.session]Scavenging every 660000ms
[INFO] [2017-06-0422:56:50][org.eclipse.jetty.ContextHandler.7f9a81e8]Initializing Spring root WebApplicationContext
[INFO] [2017-06-0422:56:50][org.springframework.web.context.ContextLoader]Root WebApplicationContext: initialization started
[INFO] [2017-06-0422:56:51][org.springframework.web.context.support.XmlWebApplicationContext]Refreshing Root WebApplicationContext: startup date [Sun Jun 04 22:56:51 CST 2017]; root of context hierarchy
[INFO] [2017-06-0422:56:51][org.springframework.beans.factory.xml.XmlBeanDefinitionReader]Loading XML bean definitions from class path resource [context.xml]
[WARN] [2017-06-0422:56:55][org.mybatis.spring.mapper.ClassPathMapperScanner]No MyBatis mapper was found in '[cmsSystem.dao]' package. Please check your configuration.
[INFO] [2017-06-0422:56:55][org.springframework.beans.factory.config.PropertyPlaceholderConfigurer]Loading properties file from class path resource [jdbc.properties]
[INFO] [2017-06-0422:56:55][org.springframework.beans.factory.annotation.AutowiredAnnotationBeanPostProcessor]JSR-330 'javax.inject.Inject' annotation found and supported for autowiring
[INFO] [2017-06-0422:56:55][org.springframework.context.support.PostProcessorRegistrationDelegate$BeanPostProcessorChecker]Bean 'org.springframework.aop.support.DefaultBeanFactoryPointcutAdvisor#0' of type [class org.springframework.aop.support.DefaultBeanFactoryPointcutAdvisor] is not eligible for getting processed by all BeanPostProcessors (for example: not eligible for auto-proxying)
[INFO] [2017-06-0422:56:55][org.springframework.context.support.PostProcessorRegistrationDelegate$BeanPostProcessorChecker]Bean 'ShiroRealm' of type [class ssm.common.MyShiroRealm] is not eligible for getting processed by all BeanPostProcessors (for example: not eligible for auto-proxying)
[INFO] [2017-06-0422:56:55][org.springframework.context.support.PostProcessorRegistrationDelegate$BeanPostProcessorChecker]Bean 'securityManager' of type [class org.apache.shiro.web.mgt.DefaultWebSecurityManager] is not eligible for getting processed by all BeanPostProcessors (for example: not eligible for auto-proxying)
[INFO] [2017-06-0422:56:56][org.springframework.jdbc.datasource.DriverManagerDataSource]Loaded JDBC driver: com.mysql.jdbc.Driver
[INFO] [2017-06-0422:56:56][org.springframework.web.context.ContextLoader]Root WebApplicationContext: initialization completed in 6016 ms
[INFO] [2017-06-0422:56:56][org.eclipse.jetty.ContextHandler.7f9a81e8]Initializing Spring FrameworkServlet 'mvc'
[INFO] [2017-06-0422:56:56][org.springframework.web.servlet.DispatcherServlet]FrameworkServlet 'mvc': initialization started
[INFO] [2017-06-0422:56:56][org.springframework.web.context.support.XmlWebApplicationContext]Refreshing WebApplicationContext for namespace 'mvc-servlet': startup date [Sun Jun 04 22:56:56 CST 2017]; parent: Root WebApplicationContext
[INFO] [2017-06-0422:56:56][org.springframework.beans.factory.xml.XmlBeanDefinitionReader]Loading XML bean definitions from class path resource [spring-mvc.xml]
[INFO] [2017-06-0422:56:57][org.springframework.beans.factory.annotation.AutowiredAnnotationBeanPostProcessor]JSR-330 'javax.inject.Inject' annotation found and supported for autowiring
[INFO] [2017-06-0422:56:57][org.springframework.web.servlet.mvc.method.annotation.RequestMappingHandlerMapping]Mapped "{[/login],methods=[],params=[],headers=[],consumes=[],produces=[],custom=[]}" onto public org.springframework.web.servlet.ModelAndView ssm.ctrl.login.LoginCtrl.login()
[INFO] [2017-06-0422:56:57][org.springframework.web.servlet.mvc.method.annotation.RequestMappingHandlerMapping]Mapped "{[/toLogin],methods=[POST],params=[],headers=[],consumes=[],produces=[],custom=[]}" onto public java.util.Map<java.lang.String, java.lang.Object> ssm.ctrl.login.LoginCtrl.toLogin()
[INFO] [2017-06-0422:56:57][org.springframework.web.servlet.mvc.method.annotation.RequestMappingHandlerMapping]Mapped "{[/toIndex],methods=[],params=[],headers=[],consumes=[],produces=[],custom=[]}" onto public org.springframework.web.servlet.ModelAndView ssm.ctrl.login.LoginCtrl.toIndex()
[INFO] [2017-06-0422:56:57][org.springframework.web.servlet.mvc.method.annotation.RequestMappingHandlerMapping]Mapped "{[/loginOut.do],methods=[],params=[],headers=[],consumes=[],produces=[],custom=[]}" onto public java.lang.String ssm.ctrl.login.LoginCtrl.loginOut()
[INFO] [2017-06-0422:56:57][org.springframework.web.servlet.mvc.method.annotation.RequestMappingHandlerMapping]Mapped "{[/system/userManage/toUserManage],methods=[],params=[],headers=[],consumes=[],produces=[],custom=[]}" onto public org.springframework.web.servlet.ModelAndView ssm.ctrl.system.userManage.UserManageCtrl.toUserManage(ssm.utils.Page) throws java.lang.Exception
[INFO] [2017-06-0422:56:58][org.springframework.web.servlet.handler.SimpleUrlHandlerMapping]Mapped URL path [/static/**] onto handler 'org.springframework.web.servlet.resource.ResourceHttpRequestHandler#0'
[INFO] [2017-06-0422:56:58][org.springframework.web.servlet.DispatcherServlet]FrameworkServlet 'mvc': initialization completed in 1175 ms
[INFO] [2017-06-0422:56:58][org.eclipse.jetty.server.handler.ContextHandler]Started o.e.j.w.WebAppContext@7f9a81e8{/,file:///D:/IdeaProjects/gdx_ssm/target/classes/static/,AVAILABLE}
[INFO] [2017-06-0422:56:58][org.eclipse.jetty.server.AbstractConnector]Started ServerConnector@5bae611c{HTTP/1.1,[http/1.1]}{0.0.0.0:8080}
[INFO] [2017-06-0422:56:58][org.eclipse.jetty.server.Server]Started @8904ms
[WARN] [2017-06-0422:59:12][org.eclipse.jetty.server.HttpChannel]/login
javax.servlet.ServletException: Could not resolve view with name '/login.html' in servlet with name 'mvc'
	at org.springframework.web.servlet.DispatcherServlet.render(DispatcherServlet.java:1208)
	at org.springframework.web.servlet.DispatcherServlet.processDispatchResult(DispatcherServlet.java:1012)
	at org.springframework.web.servlet.DispatcherServlet.doDispatch(DispatcherServlet.java:959)
	at org.springframework.web.servlet.DispatcherServlet.doService(DispatcherServlet.java:876)
	at org.springframework.web.servlet.FrameworkServlet.processRequest(FrameworkServlet.java:961)
	at org.springframework.web.servlet.FrameworkServlet.doGet(FrameworkServlet.java:852)
	at javax.servlet.http.HttpServlet.service(HttpServlet.java:687)
	at org.springframework.web.servlet.FrameworkServlet.service(FrameworkServlet.java:837)
	at javax.servlet.http.HttpServlet.service(HttpServlet.java:790)
	at org.eclipse.jetty.servlet.ServletHolder.handle(ServletHolder.java:841)
	at org.eclipse.jetty.servlet.ServletHandler$CachedChain.doFilter(ServletHandler.java:1634)
	at org.apache.shiro.web.servlet.ProxiedFilterChain.doFilter(ProxiedFilterChain.java:61)
	at org.apache.shiro.web.servlet.AdviceFilter.executeChain(AdviceFilter.java:108)
	at org.apache.shiro.web.servlet.AdviceFilter.doFilterInternal(AdviceFilter.java:137)
	at org.apache.shiro.web.servlet.OncePerRequestFilter.doFilter(OncePerRequestFilter.java:125)
	at org.apache.shiro.web.servlet.ProxiedFilterChain.doFilter(ProxiedFilterChain.java:66)
	at org.apache.shiro.web.servlet.AbstractShiroFilter.executeChain(AbstractShiroFilter.java:449)
	at org.apache.shiro.web.servlet.AbstractShiroFilter$1.call(AbstractShiroFilter.java:365)
	at org.apache.shiro.subject.support.SubjectCallable.doCall(SubjectCallable.java:90)
	at org.apache.shiro.subject.support.SubjectCallable.call(SubjectCallable.java:83)
	at org.apache.shiro.subject.support.DelegatingSubject.execute(DelegatingSubject.java:383)
	at org.apache.shiro.web.servlet.AbstractShiroFilter.doFilterInternal(AbstractShiroFilter.java:362)
	at org.apache.shiro.web.servlet.OncePerRequestFilter.doFilter(OncePerRequestFilter.java:125)
	at org.springframework.web.filter.DelegatingFilterProxy.invokeDelegate(DelegatingFilterProxy.java:344)
	at org.springframework.web.filter.DelegatingFilterProxy.doFilter(DelegatingFilterProxy.java:261)
	at org.eclipse.jetty.servlet.ServletHandler$CachedChain.doFilter(ServletHandler.java:1621)
	at org.springframework.web.filter.CharacterEncodingFilter.doFilterInternal(CharacterEncodingFilter.java:88)
	at org.springframework.web.filter.OncePerRequestFilter.doFilter(OncePerRequestFilter.java:108)
	at org.eclipse.jetty.servlet.ServletHandler$CachedChain.doFilter(ServletHandler.java:1613)
	at org.eclipse.jetty.servlet.ServletHandler.doHandle(ServletHandler.java:541)
	at org.eclipse.jetty.server.handler.ScopedHandler.handle(ScopedHandler.java:143)
	at org.eclipse.jetty.security.SecurityHandler.handle(SecurityHandler.java:548)
	at org.eclipse.jetty.server.handler.HandlerWrapper.handle(HandlerWrapper.java:132)
	at org.eclipse.jetty.server.handler.ScopedHandler.nextHandle(ScopedHandler.java:190)
	at org.eclipse.jetty.server.session.SessionHandler.doHandle(SessionHandler.java:1592)
	at org.eclipse.jetty.server.handler.ScopedHandler.nextHandle(ScopedHandler.java:188)
	at org.eclipse.jetty.server.handler.ContextHandler.doHandle(ContextHandler.java:1239)
	at org.eclipse.jetty.server.handler.ScopedHandler.nextScope(ScopedHandler.java:168)
	at org.eclipse.jetty.servlet.ServletHandler.doScope(ServletHandler.java:481)
	at org.eclipse.jetty.server.session.SessionHandler.doScope(SessionHandler.java:1561)
	at org.eclipse.jetty.server.handler.ScopedHandler.nextScope(ScopedHandler.java:166)
	at org.eclipse.jetty.server.handler.ContextHandler.doScope(ContextHandler.java:1141)
	at org.eclipse.jetty.server.handler.ScopedHandler.handle(ScopedHandler.java:141)
	at org.eclipse.jetty.server.handler.HandlerWrapper.handle(HandlerWrapper.java:132)
	at org.eclipse.jetty.server.Server.handle(Server.java:564)
	at org.eclipse.jetty.server.HttpChannel.handle(HttpChannel.java:320)
	at org.eclipse.jetty.server.HttpConnection.onFillable(HttpConnection.java:251)
	at org.eclipse.jetty.io.AbstractConnection$ReadCallback.succeeded(AbstractConnection.java:279)
	at org.eclipse.jetty.io.FillInterest.fillable(FillInterest.java:110)
	at org.eclipse.jetty.io.ChannelEndPoint$2.run(ChannelEndPoint.java:124)
	at org.eclipse.jetty.util.thread.QueuedThreadPool.runJob(QueuedThreadPool.java:672)
	at org.eclipse.jetty.util.thread.QueuedThreadPool$2.run(QueuedThreadPool.java:590)
	at java.lang.Thread.run(Thread.java:745)
[INFO] [2017-06-0423:11:10][org.eclipse.jetty.util.log]Logging initialized @662ms to org.eclipse.jetty.util.log.Slf4jLog
[INFO] [2017-06-0423:11:10][org.eclipse.jetty.server.Server]jetty-9.4.2.v20170220
[INFO] [2017-06-0423:11:10][org.eclipse.jetty.server.session]DefaultSessionIdManager workerName=node0
[INFO] [2017-06-0423:11:10][org.eclipse.jetty.server.session]No SessionScavenger set, using defaults
[INFO] [2017-06-0423:11:10][org.eclipse.jetty.server.session]Scavenging every 600000ms
[INFO] [2017-06-0423:11:11][org.eclipse.jetty.ContextHandler.7f9a81e8]Initializing Spring root WebApplicationContext
[INFO] [2017-06-0423:11:11][org.springframework.web.context.ContextLoader]Root WebApplicationContext: initialization started
[INFO] [2017-06-0423:11:11][org.springframework.web.context.support.XmlWebApplicationContext]Refreshing Root WebApplicationContext: startup date [Sun Jun 04 23:11:11 CST 2017]; root of context hierarchy
[INFO] [2017-06-0423:11:11][org.springframework.beans.factory.xml.XmlBeanDefinitionReader]Loading XML bean definitions from class path resource [context.xml]
[INFO] [2017-06-0423:13:13][org.springframework.beans.factory.config.PropertyPlaceholderConfigurer]Loading properties file from class path resource [jdbc.properties]
[INFO] [2017-06-0423:13:13][org.springframework.beans.factory.annotation.AutowiredAnnotationBeanPostProcessor]JSR-330 'javax.inject.Inject' annotation found and supported for autowiring
[INFO] [2017-06-0423:13:13][org.springframework.context.support.PostProcessorRegistrationDelegate$BeanPostProcessorChecker]Bean 'org.springframework.aop.support.DefaultBeanFactoryPointcutAdvisor#0' of type [class org.springframework.aop.support.DefaultBeanFactoryPointcutAdvisor] is not eligible for getting processed by all BeanPostProcessors (for example: not eligible for auto-proxying)
[INFO] [2017-06-0423:13:13][org.springframework.context.support.PostProcessorRegistrationDelegate$BeanPostProcessorChecker]Bean 'ShiroRealm' of type [class ssm.common.MyShiroRealm] is not eligible for getting processed by all BeanPostProcessors (for example: not eligible for auto-proxying)
[INFO] [2017-06-0423:13:13][org.springframework.context.support.PostProcessorRegistrationDelegate$BeanPostProcessorChecker]Bean 'securityManager' of type [class org.apache.shiro.web.mgt.DefaultWebSecurityManager] is not eligible for getting processed by all BeanPostProcessors (for example: not eligible for auto-proxying)
[INFO] [2017-06-0423:13:13][org.springframework.jdbc.datasource.DriverManagerDataSource]Loaded JDBC driver: com.mysql.jdbc.Driver
[INFO] [2017-06-0423:13:14][org.springframework.web.context.ContextLoader]Root WebApplicationContext: initialization completed in 123591 ms
[INFO] [2017-06-0423:13:14][org.eclipse.jetty.ContextHandler.7f9a81e8]Initializing Spring FrameworkServlet 'mvc'
[INFO] [2017-06-0423:13:14][org.springframework.web.servlet.DispatcherServlet]FrameworkServlet 'mvc': initialization started
[INFO] [2017-06-0423:13:14][org.springframework.web.context.support.XmlWebApplicationContext]Refreshing WebApplicationContext for namespace 'mvc-servlet': startup date [Sun Jun 04 23:13:14 CST 2017]; parent: Root WebApplicationContext
[INFO] [2017-06-0423:13:14][org.springframework.beans.factory.xml.XmlBeanDefinitionReader]Loading XML bean definitions from class path resource [spring-mvc.xml]
[INFO] [2017-06-0423:13:15][org.springframework.beans.factory.annotation.AutowiredAnnotationBeanPostProcessor]JSR-330 'javax.inject.Inject' annotation found and supported for autowiring
[INFO] [2017-06-0423:13:15][org.springframework.web.servlet.mvc.method.annotation.RequestMappingHandlerMapping]Mapped "{[/login],methods=[],params=[],headers=[],consumes=[],produces=[],custom=[]}" onto public org.springframework.web.servlet.ModelAndView ssm.ctrl.login.LoginCtrl.login()
[INFO] [2017-06-0423:13:15][org.springframework.web.servlet.mvc.method.annotation.RequestMappingHandlerMapping]Mapped "{[/toLogin],methods=[POST],params=[],headers=[],consumes=[],produces=[],custom=[]}" onto public java.util.Map<java.lang.String, java.lang.Object> ssm.ctrl.login.LoginCtrl.toLogin()
[INFO] [2017-06-0423:13:15][org.springframework.web.servlet.mvc.method.annotation.RequestMappingHandlerMapping]Mapped "{[/toIndex],methods=[],params=[],headers=[],consumes=[],produces=[],custom=[]}" onto public org.springframework.web.servlet.ModelAndView ssm.ctrl.login.LoginCtrl.toIndex()
[INFO] [2017-06-0423:13:15][org.springframework.web.servlet.mvc.method.annotation.RequestMappingHandlerMapping]Mapped "{[/loginOut.do],methods=[],params=[],headers=[],consumes=[],produces=[],custom=[]}" onto public java.lang.String ssm.ctrl.login.LoginCtrl.loginOut()
[INFO] [2017-06-0423:13:15][org.springframework.web.servlet.mvc.method.annotation.RequestMappingHandlerMapping]Mapped "{[/system/userManage/toUserManage],methods=[],params=[],headers=[],consumes=[],produces=[],custom=[]}" onto public org.springframework.web.servlet.ModelAndView ssm.ctrl.system.userManage.UserManageCtrl.toUserManage(ssm.utils.Page) throws java.lang.Exception
[INFO] [2017-06-0423:13:15][org.springframework.web.servlet.handler.SimpleUrlHandlerMapping]Mapped URL path [/static/**] onto handler 'org.springframework.web.servlet.resource.ResourceHttpRequestHandler#0'
[INFO] [2017-06-0423:13:15][org.springframework.web.servlet.DispatcherServlet]FrameworkServlet 'mvc': initialization completed in 1219 ms
[INFO] [2017-06-0423:13:15][org.eclipse.jetty.server.handler.ContextHandler]Started o.e.j.w.WebAppContext@7f9a81e8{/,file:///D:/IdeaProjects/gdx_ssm/target/classes/static/,AVAILABLE}
[INFO] [2017-06-0423:13:15][org.eclipse.jetty.server.AbstractConnector]Started ServerConnector@5f7f2382{HTTP/1.1,[http/1.1]}{0.0.0.0:8080}
[INFO] [2017-06-0423:13:15][org.eclipse.jetty.server.Server]Started @126543ms
[INFO] [2017-06-0423:16:50][org.eclipse.jetty.util.log]Logging initialized @598ms to org.eclipse.jetty.util.log.Slf4jLog
[INFO] [2017-06-0423:16:51][org.eclipse.jetty.server.Server]jetty-9.4.2.v20170220
[INFO] [2017-06-0423:16:51][org.eclipse.jetty.server.session]DefaultSessionIdManager workerName=node0
[INFO] [2017-06-0423:16:51][org.eclipse.jetty.server.session]No SessionScavenger set, using defaults
[INFO] [2017-06-0423:16:51][org.eclipse.jetty.server.session]Scavenging every 600000ms
[INFO] [2017-06-0423:16:51][org.eclipse.jetty.ContextHandler.7f9a81e8]Initializing Spring root WebApplicationContext
[INFO] [2017-06-0423:16:51][org.springframework.web.context.ContextLoader]Root WebApplicationContext: initialization started
[INFO] [2017-06-0423:16:51][org.springframework.web.context.support.XmlWebApplicationContext]Refreshing Root WebApplicationContext: startup date [Sun Jun 04 23:16:51 CST 2017]; root of context hierarchy
[INFO] [2017-06-0423:16:51][org.springframework.beans.factory.xml.XmlBeanDefinitionReader]Loading XML bean definitions from class path resource [context.xml]
[INFO] [2017-06-0423:16:58][org.springframework.beans.factory.config.PropertyPlaceholderConfigurer]Loading properties file from class path resource [jdbc.properties]
[INFO] [2017-06-0423:16:58][org.springframework.beans.factory.annotation.AutowiredAnnotationBeanPostProcessor]JSR-330 'javax.inject.Inject' annotation found and supported for autowiring
[INFO] [2017-06-0423:16:58][org.springframework.context.support.PostProcessorRegistrationDelegate$BeanPostProcessorChecker]Bean 'org.springframework.aop.support.DefaultBeanFactoryPointcutAdvisor#0' of type [class org.springframework.aop.support.DefaultBeanFactoryPointcutAdvisor] is not eligible for getting processed by all BeanPostProcessors (for example: not eligible for auto-proxying)
[INFO] [2017-06-0423:16:58][org.springframework.context.support.PostProcessorRegistrationDelegate$BeanPostProcessorChecker]Bean 'ShiroRealm' of type [class ssm.common.MyShiroRealm] is not eligible for getting processed by all BeanPostProcessors (for example: not eligible for auto-proxying)
[INFO] [2017-06-0423:16:58][org.springframework.context.support.PostProcessorRegistrationDelegate$BeanPostProcessorChecker]Bean 'securityManager' of type [class org.apache.shiro.web.mgt.DefaultWebSecurityManager] is not eligible for getting processed by all BeanPostProcessors (for example: not eligible for auto-proxying)
[INFO] [2017-06-0423:16:58][org.springframework.jdbc.datasource.DriverManagerDataSource]Loaded JDBC driver: com.mysql.jdbc.Driver
[INFO] [2017-06-0423:16:59][org.springframework.web.context.ContextLoader]Root WebApplicationContext: initialization completed in 7932 ms
[INFO] [2017-06-0423:16:59][org.eclipse.jetty.ContextHandler.7f9a81e8]Initializing Spring FrameworkServlet 'mvc'
[INFO] [2017-06-0423:16:59][org.springframework.web.servlet.DispatcherServlet]FrameworkServlet 'mvc': initialization started
[INFO] [2017-06-0423:16:59][org.springframework.web.context.support.XmlWebApplicationContext]Refreshing WebApplicationContext for namespace 'mvc-servlet': startup date [Sun Jun 04 23:16:59 CST 2017]; parent: Root WebApplicationContext
[INFO] [2017-06-0423:16:59][org.springframework.beans.factory.xml.XmlBeanDefinitionReader]Loading XML bean definitions from class path resource [spring-mvc.xml]
[INFO] [2017-06-0423:17:00][org.springframework.beans.factory.annotation.AutowiredAnnotationBeanPostProcessor]JSR-330 'javax.inject.Inject' annotation found and supported for autowiring
[INFO] [2017-06-0423:17:00][org.springframework.web.servlet.mvc.method.annotation.RequestMappingHandlerMapping]Mapped "{[/login],methods=[],params=[],headers=[],consumes=[],produces=[],custom=[]}" onto public org.springframework.web.servlet.ModelAndView ssm.ctrl.login.LoginCtrl.login()
[INFO] [2017-06-0423:17:00][org.springframework.web.servlet.mvc.method.annotation.RequestMappingHandlerMapping]Mapped "{[/toLogin],methods=[POST],params=[],headers=[],consumes=[],produces=[],custom=[]}" onto public java.util.Map<java.lang.String, java.lang.Object> ssm.ctrl.login.LoginCtrl.toLogin()
[INFO] [2017-06-0423:17:00][org.springframework.web.servlet.mvc.method.annotation.RequestMappingHandlerMapping]Mapped "{[/toIndex],methods=[],params=[],headers=[],consumes=[],produces=[],custom=[]}" onto public org.springframework.web.servlet.ModelAndView ssm.ctrl.login.LoginCtrl.toIndex()
[INFO] [2017-06-0423:17:00][org.springframework.web.servlet.mvc.method.annotation.RequestMappingHandlerMapping]Mapped "{[/loginOut.do],methods=[],params=[],headers=[],consumes=[],produces=[],custom=[]}" onto public java.lang.String ssm.ctrl.login.LoginCtrl.loginOut()
[INFO] [2017-06-0423:17:00][org.springframework.web.servlet.mvc.method.annotation.RequestMappingHandlerMapping]Mapped "{[/system/userManage/toUserManage],methods=[],params=[],headers=[],consumes=[],produces=[],custom=[]}" onto public org.springframework.web.servlet.ModelAndView ssm.ctrl.system.userManage.UserManageCtrl.toUserManage(ssm.utils.Page) throws java.lang.Exception
[INFO] [2017-06-0423:17:00][org.springframework.web.servlet.handler.SimpleUrlHandlerMapping]Mapped URL path [/static/**] onto handler 'org.springframework.web.servlet.resource.ResourceHttpRequestHandler#0'
[INFO] [2017-06-0423:17:00][org.springframework.web.servlet.DispatcherServlet]FrameworkServlet 'mvc': initialization completed in 1122 ms
[INFO] [2017-06-0423:17:00][org.eclipse.jetty.server.handler.ContextHandler]Started o.e.j.w.WebAppContext@7f9a81e8{/,file:///D:/IdeaProjects/gdx_ssm/target/classes/static/,AVAILABLE}
[INFO] [2017-06-0423:17:00][org.eclipse.jetty.server.AbstractConnector]Started ServerConnector@5f7f2382{HTTP/1.1,[http/1.1]}{0.0.0.0:8080}
[INFO] [2017-06-0423:17:00][org.eclipse.jetty.server.Server]Started @10786ms
[INFO] [2017-06-0423:20:01][ssm.ctrl.common.BaseController]LoginCtrl toLogin...
[WARN] [2017-06-0423:20:02][org.springframework.web.servlet.PageNotFound]No mapping found for HTTP request with URI [/home.html] in DispatcherServlet with name 'mvc'
[WARN] [2017-06-0423:25:47][org.springframework.web.servlet.PageNotFound]No mapping found for HTTP request with URI [/home.html] in DispatcherServlet with name 'mvc'
[INFO] [2017-06-0423:30:41][ssm.ctrl.common.BaseController]UserManageCtrl toUserManage...
[INFO] [2017-06-0423:32:04][ssm.ctrl.common.BaseController]UserManageCtrl toUserManage...
[INFO] [2017-06-0423:32:05][ssm.ctrl.common.BaseController]UserManageCtrl toUserManage...
[INFO] [2017-06-0423:32:07][ssm.ctrl.common.BaseController]UserManageCtrl toUserManage...
[WARN] [2017-06-0423:32:10][org.springframework.web.servlet.PageNotFound]No mapping found for HTTP request with URI [/test2.html] in DispatcherServlet with name 'mvc'
[INFO] [2017-06-0423:32:11][ssm.ctrl.common.BaseController]UserManageCtrl toUserManage...
[INFO] [2017-06-0423:32:35][ssm.ctrl.common.BaseController]UserManageCtrl toUserManage...
[INFO] [2017-06-0423:32:36][ssm.ctrl.common.BaseController]UserManageCtrl toUserManage...
[INFO] [2017-06-0423:32:37][ssm.ctrl.common.BaseController]UserManageCtrl toUserManage...
[INFO] [2017-06-0423:32:38][ssm.ctrl.common.BaseController]UserManageCtrl toUserManage...
[INFO] [2017-06-0423:32:39][ssm.ctrl.common.BaseController]UserManageCtrl toUserManage...
[WARN] [2017-06-0423:32:41][org.springframework.web.servlet.PageNotFound]No mapping found for HTTP request with URI [/home.html] in DispatcherServlet with name 'mvc'
[INFO] [2017-06-0423:32:44][ssm.ctrl.common.BaseController]UserManageCtrl toUserManage...
[WARN] [2017-06-0423:32:50][org.springframework.web.servlet.PageNotFound]No mapping found for HTTP request with URI [/home.html] in DispatcherServlet with name 'mvc'
[INFO] [2017-06-0423:32:52][ssm.ctrl.common.BaseController]UserManageCtrl toUserManage...
[WARN] [2017-06-0423:35:43][org.springframework.web.servlet.PageNotFound]No mapping found for HTTP request with URI [/home.html] in DispatcherServlet with name 'mvc'
[INFO] [2017-06-0423:35:56][ssm.ctrl.common.BaseController]UserManageCtrl toUserManage...
[INFO] [2017-06-0423:35:57][ssm.ctrl.common.BaseController]UserManageCtrl toUserManage...
[INFO] [2017-06-0423:36:59][ssm.ctrl.common.BaseController]UserManageCtrl toUserManage...
[INFO] [2017-06-0423:37:01][ssm.ctrl.common.BaseController]UserManageCtrl toUserManage...
[INFO] [2017-06-0423:37:07][ssm.ctrl.common.BaseController]UserManageCtrl toUserManage...
[INFO] [2017-06-0423:42:38][ssm.ctrl.common.BaseController]UserManageCtrl toUserManage...
[INFO] [2017-06-0423:42:41][ssm.ctrl.common.BaseController]UserManageCtrl toUserManage...
[INFO] [2017-06-0423:42:43][ssm.ctrl.common.BaseController]UserManageCtrl toUserManage...
[INFO] [2017-06-0423:42:45][ssm.ctrl.common.BaseController]UserManageCtrl toUserManage...
[INFO] [2017-06-0423:45:06][ssm.ctrl.common.BaseController]UserManageCtrl toUserManage...
[INFO] [2017-06-0423:45:07][ssm.ctrl.common.BaseController]UserManageCtrl toUserManage...
[INFO] [2017-06-0423:45:09][ssm.ctrl.common.BaseController]UserManageCtrl toUserManage...
[INFO] [2017-06-0423:45:10][ssm.ctrl.common.BaseController]UserManageCtrl toUserManage...
[INFO] [2017-06-0423:45:10][ssm.ctrl.common.BaseController]UserManageCtrl toUserManage...
[INFO] [2017-06-0423:45:12][ssm.ctrl.common.BaseController]UserManageCtrl toUserManage...
[INFO] [2017-06-0423:45:14][ssm.ctrl.common.BaseController]UserManageCtrl toUserManage...
[INFO] [2017-06-0423:45:16][ssm.ctrl.common.BaseController]UserManageCtrl toUserManage...
[INFO] [2017-06-0423:45:19][ssm.ctrl.common.BaseController]UserManageCtrl toUserManage...
[INFO] [2017-06-0423:45:21][ssm.ctrl.common.BaseController]UserManageCtrl toUserManage...
[WARN] [2017-06-0501:27:21][org.springframework.web.servlet.PageNotFound]No mapping found for HTTP request with URI [/home.html] in DispatcherServlet with name 'mvc'
[INFO] [2017-06-0501:27:24][ssm.ctrl.common.BaseController]UserManageCtrl toUserManage...
[WARN] [2017-06-0501:28:31][org.springframework.web.servlet.PageNotFound]No mapping found for HTTP request with URI [/home.html] in DispatcherServlet with name 'mvc'
[INFO] [2017-06-0501:28:35][ssm.ctrl.common.BaseController]UserManageCtrl toUserManage...
[WARN] [2017-06-0501:29:53][org.springframework.web.servlet.PageNotFound]No mapping found for HTTP request with URI [/home.html] in DispatcherServlet with name 'mvc'
[INFO] [2017-06-0501:29:56][ssm.ctrl.common.BaseController]UserManageCtrl toUserManage...
[WARN] [2017-06-0501:29:56][org.springframework.web.servlet.PageNotFound]No mapping found for HTTP request with URI [/images/pre.gif] in DispatcherServlet with name 'mvc'
[WARN] [2017-06-0501:29:56][org.springframework.web.servlet.PageNotFound]No mapping found for HTTP request with URI [/images/next.gif] in DispatcherServlet with name 'mvc'
